Arguments: 
  /usr/local/bin/node /usr/local/bin/yarn

PATH: 
  /usr/local/bin:/usr/bin:/bin:/usr/sbin:/sbin:/Users/mac/Library/Android/sdk/tools:/Users/mac/Library/Android/sdk/platform-tools:/Users/mac/Library/Android/sdk/tools:/Users/mac/Library/Android/sdk/platform-tools

Yarn version: 
  1.5.1

Node version: 
  6.10.2

Platform: 
  darwin x64

npm manifest: 
  {
    "private": true,
    "scripts": {
      "dev": "roadhog server",
      "lint": "eslint --fix --ext .js src",
      "build": "roadhog build --analyze",
      "server": "node ./src/server.js"
    },
    "engines": {
      "install-node": "6.9.2"
    },
    "dependencies": {
      "antd": "^2.9.3",
      "antd-mobile": "^2.1.8",
      "babel-plugin-import": "^1.1.1",
      "babel-runtime": "^6.9.2",
      "crypto-js": "^3.1.9-1",
      "dva": "^1.2.1",
      "express": "^4.16.3",
      "mock": "^0.1.1",
      "rc-animate": "^2.3.6",
      "rc-banner-anim": "^0.5.12",
      "rc-queue-anim": "^1.0.1",
      "rc-scroll-anim": "^1.0.3",
      "rc-tween-one": "^1.2.5",
      "react": "^15.4.0",
      "react-dom": "^15.4.0",
      "react-style": "^0.5.5"
    },
    "devDependencies": {
      "babel-eslint": "^7.1.1",
      "babel-plugin-dva-hmr": "^0.3.2",
      "babel-plugin-transform-runtime": "^6.9.0",
      "eslint": "^3.12.2",
      "eslint-config-airbnb": "^13.0.0",
      "eslint-plugin-import": "^2.2.0",
      "eslint-plugin-jsx-a11y": "^2.2.3",
      "eslint-plugin-react": "^6.8.0",
      "expect": "^1.20.2",
      "husky": "^0.12.0",
      "jquery": "^3.3.1",
      "redbox-react": "^1.3.2",
      "roadhog": "^0.5.2"
    }
  }

yarn manifest: 
  No manifest

Lockfile: 
  No lockfile

Trace: 
  Error: Couldn't find package "redux-saga@^0.14.0" required by "dva@^1.2.1" on the "npm" registry.
      at MessageError.Error (native)
      at new MessageError (/usr/local/lib/node_modules/yarn/lib/cli.js:186:110)
      at PackageRequest.<anonymous> (/usr/local/lib/node_modules/yarn/lib/cli.js:36274:17)
      at throw (native)
      at step (/usr/local/lib/node_modules/yarn/lib/cli.js:98:30)
      at /usr/local/lib/node_modules/yarn/lib/cli.js:111:13
      at process._tickCallback (internal/process/next_tick.js:109:7)
